<?xml version="1.0" encoding="UTF-8"?>
<testsuite name="PingPongTest" tests="5" skipped="0" failures="0" errors="0" timestamp="2015-08-10T21:51:52" hostname="epicodus-106.local" time="0.003">
  <properties/>
  <testcase name="pingPong_for1thruN_true" classname="PingPongTest" time="0.001"/>
  <testcase name="pingPong_ifDivisibleby5_Pong_true" classname="PingPongTest" time="0.0"/>
  <testcase name="pingPong_ifDivisibleby15_PingPong_true" classname="PingPongTest" time="0.0"/>
  <testcase name="pingPong_ifDivisibleby3_Ping_true" classname="PingPongTest" time="0.0"/>
  <testcase name="pingPong_isUserNumInt_true" classname="PingPongTest" time="0.001"/>
  <system-out><![CDATA[]]></system-out>
  <system-err><![CDATA[]]></system-err>
</testsuite>
